<?xml version="1.0" encoding="UTF-8"?>
<!-- Generated by org.testng.reporters.JUnitReportReporter -->
<testsuite hostname="sharanabasappa" failures="0" tests="3" name="TestNgTutorial.TestNgDemo4" time="0.017" errors="0" timestamp="2024-03-21T15:06:44 IST" skipped="0">
  <testcase classname="TestNgTutorial.TestNgDemo4" name="LoginApiHomeloan" time="0.014"/>
  <system-out/>
  <testcase classname="TestNgTutorial.TestNgDemo4" name="LoginApiHomeloan1" time="0.001"/>
  <system-out/>
  <testcase classname="TestNgTutorial.TestNgDemo4" name="LoginApiHomeloan2" time="0.002"/>
  <system-out/>
</testsuite> <!-- TestNgTutorial.TestNgDemo4 -->
