<?xml version="1.0" encoding="UTF-8"?>
<!-- Generated by org.testng.reporters.JUnitReportReporter -->
<testsuite hostname="sharanabasappa" failures="0" tests="1" name="TestNgTutorial.TestNgDemo" time="0.019" errors="0" timestamp="2024-03-21T15:06:44 IST" skipped="0">
  <testcase classname="TestNgTutorial.TestNgDemo" name="Demo" time="0.019"/>
  <system-out/>
</testsuite> <!-- TestNgTutorial.TestNgDemo -->
