<?xml version="1.0" encoding="UTF-8"?>
<!-- Generated by org.testng.reporters.JUnitReportReporter -->
<testsuite hostname="sharanabasappa" failures="0" tests="1" name="TestNgTutorial.PS1" time="0.013" errors="0" timestamp="2024-03-23T23:37:13 IST" skipped="0">
  <testcase classname="TestNgTutorial.PS1" name="testRun" time="0.013"/>
  <system-out/>
</testsuite> <!-- TestNgTutorial.PS1 -->
