<?xml version="1.0" encoding="UTF-8"?>
<!-- Generated by org.testng.reporters.JUnitReportReporter -->
<testsuite hostname="sharanabasappa" failures="0" tests="5" name="TesntNgTutorial.TestNgDemo4" time="0.012" errors="0" timestamp="2024-03-13T11:42:09 IST" skipped="0">
  <testcase classname="TesntNgTutorial.TestNgDemo4" name="LoginApiHomeloan1" time="0.001"/>
  <system-out/>
  <testcase classname="TesntNgTutorial.TestNgDemo4" name="MobileLoginHomeloan" time="0.001"/>
  <system-out/>
  <testcase classname="TesntNgTutorial.TestNgDemo4" name="LoginApiHomeloan2" time="0.001"/>
  <system-out/>
  <testcase classname="TesntNgTutorial.TestNgDemo4" name="LoginApiHomeloan" time="0.008"/>
  <system-out/>
  <testcase classname="TesntNgTutorial.TestNgDemo4" name="WebLoginHomeloan" time="0.001"/>
  <system-out/>
</testsuite> <!-- TesntNgTutorial.TestNgDemo4 -->
