<?xml version="1.0" encoding="UTF-8"?>
<!-- Generated by org.testng.reporters.JUnitReportReporter -->
<testsuite hostname="sharanabasappa" failures="0" tests="1" name="TestNgTutorial.TestNgDemo1" time="0.001" errors="0" timestamp="2024-03-21T15:06:44 IST" skipped="0">
  <testcase classname="TestNgTutorial.TestNgDemo1" name="pLoan" time="0.001"/>
  <system-out/>
</testsuite> <!-- TestNgTutorial.TestNgDemo1 -->
