<?xml version="1.0" encoding="UTF-8"?>
<!-- Generated by org.testng.reporters.JUnitReportReporter -->
<testsuite hostname="sharanabasappa" failures="0" tests="2" name="TesntNgTutorial.TestNgDemo" time="0.013" errors="0" timestamp="2024-02-19T07:08:48 IST" skipped="0">
  <testcase classname="TesntNgTutorial.TestNgDemo" name="secondTest" time="0.002"/>
  <system-out/>
  <testcase classname="TesntNgTutorial.TestNgDemo" name="Demo" time="0.011"/>
  <system-out/>
</testsuite> <!-- TesntNgTutorial.TestNgDemo -->
